2019-06-12 11:10:56,977 [Worker-1: Loading available Gradle versions] INFO  o.e.b.c.i.u.g.PublishedGradleVersions - Gradle version information cache is up-to-date. Trying to read.
2019-06-12 14:31:23,213 [Worker-2: Loading available Gradle versions] INFO  o.e.b.c.i.u.g.PublishedGradleVersions - Gradle version information cache is up-to-date. Trying to read.
2019-06-12 16:08:19,536 [Worker-2: Loading available Gradle versions] INFO  o.e.b.c.i.u.g.PublishedGradleVersions - Gradle version information cache is out-of-date. Trying to update.
2019-06-12 16:13:56,063 [main] INFO  o.e.m.c.i.e.AbstractTransferListenerAdapter - Downloading https://repo.maven.apache.org/maven2/org/jboss/aerogear/archetypes/jboss-html5-mobile-archetype/7.1.3.Final/jboss-html5-mobile-archetype-7.1.3.Final.pom
2019-06-12 16:13:56,257 [main] INFO  o.e.m.c.i.e.AbstractTransferListenerAdapter - Downloaded https://repo.maven.apache.org/maven2/org/jboss/aerogear/archetypes/jboss-html5-mobile-archetype/7.1.3.Final/jboss-html5-mobile-archetype-7.1.3.Final.pom
2019-06-12 16:13:56,806 [main] INFO  o.e.m.c.i.e.AbstractTransferListenerAdapter - Downloading https://repo.maven.apache.org/maven2/org/jboss/aerogear/archetypes/jboss-html5-mobile-archetype/7.1.3.Final/jboss-html5-mobile-archetype-7.1.3.Final.jar
2019-06-12 16:25:50,412 [Worker-0: Loading available Gradle versions] INFO  o.e.b.c.i.u.g.PublishedGradleVersions - Gradle version information cache is up-to-date. Trying to read.
2019-06-12 16:29:30,116 [Worker-0: Loading available Gradle versions] INFO  o.e.b.c.i.u.g.PublishedGradleVersions - Gradle version information cache is up-to-date. Trying to read.
2019-06-12 16:52:30,797 [Worker-0: Loading available Gradle versions] INFO  o.e.b.c.i.u.g.PublishedGradleVersions - Gradle version information cache is up-to-date. Trying to read.
2019-06-12 21:05:34,966 [Worker-2: Loading available Gradle versions] INFO  o.e.b.c.i.u.g.PublishedGradleVersions - Gradle version information cache is up-to-date. Trying to read.
2019-06-13 08:56:30,917 [Worker-0: Loading available Gradle versions] INFO  o.e.b.c.i.u.g.PublishedGradleVersions - Gradle version information cache is up-to-date. Trying to read.
2019-06-14 12:15:41,921 [Worker-1: Loading available Gradle versions] INFO  o.e.b.c.i.u.g.PublishedGradleVersions - Gradle version information cache is out-of-date. Trying to update.
2019-06-14 22:13:23,825 [main] WARN  org.eclipse.jgit.util.FS_Win32 - Exception caught during execution of command '[bash, --login, -c, which git]' in 'C:\Users\ibmfsd17', return code '1', error message '/c/Users/ibmfsd17/.bash_profile: line 1: lias: command not found
which: no git in (/c/Users/ibmfsd17/bin:/usr/local/bin:/usr/bin:/bin:/opt/bin:/c/Program Files/Java/jdk1.8.0_161/jre/bin/server:/c/Program Files/Java/jdk1.8.0_161/jre/bin:/c/Program Files/Java/jdk1.8.0_161/jre/lib/amd64:%CATALINA_HOME%:.:/c/Program Files/Java/jdk1.8.0_161/bin:.:/c/ProgramData/Oracle/Java/javapath:/c/Windows/system32:/c/Windows:/c/Windows/System32/Wbem:/c/Windows/System32/WindowsPowerShell/v1.0:/c/Program Files/Citrix/System32:/c/Program Files/Citrix/ICAService:/c/Program Files/Citrix/Virtual Desktop Agent:/c/Program Files/Java/jdk1.8.0_161/bin:/c/Program Files/Microsoft VS Code/bin:/usr/bin:/mingw64:/c/Program Files/nodejs:/c/Program Files/MySQL/MySQL Shell 8.0/bin:/c/Users/ibmfsd17/AppData/Roaming/npm:/c/Users/ibmfsd17/AppData/Local/atom/bin:/c/Users/user/eclipse/jee-2019-03/eclipse:/usr/bin/vendor_perl:/usr/bin/core_perl)
'
2019-06-15 20:23:08,984 [main] WARN  org.eclipse.jgit.util.FS_Win32 - Exception caught during execution of command '[bash, --login, -c, which git]' in 'C:\Users\ibmfsd17', return code '1', error message '/c/Users/ibmfsd17/.bash_profile: line 1: lias: command not found
which: no git in (/c/Users/ibmfsd17/bin:/usr/local/bin:/usr/bin:/bin:/opt/bin:/c/Program Files/Java/jdk1.8.0_161/jre/bin/server:/c/Program Files/Java/jdk1.8.0_161/jre/bin:/c/Program Files/Java/jdk1.8.0_161/jre/lib/amd64:%CATALINA_HOME%:.:/c/Program Files/Java/jdk1.8.0_161/bin:.:/c/ProgramData/Oracle/Java/javapath:/c/Windows/system32:/c/Windows:/c/Windows/System32/Wbem:/c/Windows/System32/WindowsPowerShell/v1.0:/c/Program Files/Citrix/System32:/c/Program Files/Citrix/ICAService:/c/Program Files/Citrix/Virtual Desktop Agent:/c/Program Files/Java/jdk1.8.0_161/bin:/c/Program Files/Microsoft VS Code/bin:/usr/bin:/mingw64:/c/Program Files/nodejs:/c/Program Files/MySQL/MySQL Shell 8.0/bin:/c/Users/ibmfsd17/AppData/Roaming/npm:/c/Users/ibmfsd17/AppData/Local/atom/bin:/c/Users/user/eclipse/jee-2019-03/eclipse:/usr/bin/vendor_perl:/usr/bin/core_perl)
'
2019-06-15 20:23:13,192 [Worker-0: Loading available Gradle versions] INFO  o.e.b.c.i.u.g.PublishedGradleVersions - Gradle version information cache is out-of-date. Trying to update.
2019-06-16 20:28:19,627 [Worker-0: Loading available Gradle versions] INFO  o.e.b.c.i.u.g.PublishedGradleVersions - Gradle version information cache is out-of-date. Trying to update.
2019-06-16 20:28:34,526 [Worker-3: Decoration Calculation] WARN  org.eclipse.jgit.util.FS_Win32 - Exception caught during execution of command '[bash, --login, -c, which git]' in 'C:\Users\ibmfsd17', return code '1', error message '/c/Users/ibmfsd17/.bash_profile: line 1: lias: command not found
which: no git in (/c/Users/ibmfsd17/bin:/usr/local/bin:/usr/bin:/bin:/opt/bin:/c/Program Files/Java/jdk1.8.0_161/jre/bin/server:/c/Program Files/Java/jdk1.8.0_161/jre/bin:/c/Program Files/Java/jdk1.8.0_161/jre/lib/amd64:%CATALINA_HOME%:.:/c/Program Files/Java/jdk1.8.0_161/bin:.:/c/ProgramData/Oracle/Java/javapath:/c/Windows/system32:/c/Windows:/c/Windows/System32/Wbem:/c/Windows/System32/WindowsPowerShell/v1.0:/c/Program Files/Citrix/System32:/c/Program Files/Citrix/ICAService:/c/Program Files/Citrix/Virtual Desktop Agent:/c/Program Files/Java/jdk1.8.0_161/bin:/c/Program Files/Microsoft VS Code/bin:/usr/bin:/mingw64:/c/Program Files/nodejs:/c/Program Files/MySQL/MySQL Shell 8.0/bin:/c/Users/ibmfsd17/AppData/Roaming/npm:/c/Users/ibmfsd17/AppData/Local/atom/bin:/c/Users/user/eclipse/jee-2019-03/eclipse:/usr/bin/vendor_perl:/usr/bin/core_perl)
'
2019-06-17 20:42:57,947 [Worker-2: Loading available Gradle versions] INFO  o.e.b.c.i.u.g.PublishedGradleVersions - Gradle version information cache is up-to-date. Trying to read.
2019-06-17 20:43:23,364 [Worker-3: Decoration Calculation] WARN  org.eclipse.jgit.util.FS_Win32 - Exception caught during execution of command '[bash, --login, -c, which git]' in 'C:\Users\ibmfsd17', return code '1', error message '/c/Users/ibmfsd17/.bash_profile: line 1: lias: command not found
which: no git in (/c/Users/ibmfsd17/bin:/usr/local/bin:/usr/bin:/bin:/opt/bin:/c/Program Files/Java/jdk1.8.0_161/jre/bin/server:/c/Program Files/Java/jdk1.8.0_161/jre/bin:/c/Program Files/Java/jdk1.8.0_161/jre/lib/amd64:%CATALINA_HOME%:.:/c/Program Files/Java/jdk1.8.0_161/bin:.:/c/ProgramData/Oracle/Java/javapath:/c/Windows/system32:/c/Windows:/c/Windows/System32/Wbem:/c/Windows/System32/WindowsPowerShell/v1.0:/c/Program Files/Citrix/System32:/c/Program Files/Citrix/ICAService:/c/Program Files/Citrix/Virtual Desktop Agent:/c/Program Files/Java/jdk1.8.0_161/bin:/c/Program Files/Microsoft VS Code/bin:/usr/bin:/mingw64:/c/Program Files/nodejs:/c/Program Files/MySQL/MySQL Shell 8.0/bin:/c/Users/ibmfsd17/AppData/Roaming/npm:/c/Users/ibmfsd17/AppData/Local/atom/bin:/c/Users/user/eclipse/jee-2019-03/eclipse:/usr/bin/vendor_perl:/usr/bin/core_perl)
'
2019-06-25 23:45:19,587 [Worker-3: Loading available Gradle versions] INFO  o.e.b.c.i.u.g.PublishedGradleVersions - Gradle version information cache is out-of-date. Trying to update.
2019-06-25 23:45:28,182 [Worker-4: Decoration Calculation] WARN  org.eclipse.jgit.util.FS_Win32 - Exception caught during execution of command '[bash, --login, -c, which git]' in 'C:\Users\ibmfsd17', return code '1', error message '/c/Users/ibmfsd17/.bash_profile: line 1: lias: command not found
which: no git in (/c/Users/ibmfsd17/bin:/usr/local/bin:/usr/bin:/bin:/opt/bin:/c/Program Files/Java/jdk1.8.0_161/jre/bin/server:/c/Program Files/Java/jdk1.8.0_161/jre/bin:/c/Program Files/Java/jdk1.8.0_161/jre/lib/amd64:%CATALINA_HOME%:.:/c/Program Files/Java/jdk1.8.0_161/bin:.:/c/ProgramData/Oracle/Java/javapath:/c/Windows/system32:/c/Windows:/c/Windows/System32/Wbem:/c/Windows/System32/WindowsPowerShell/v1.0:/c/Program Files/Citrix/System32:/c/Program Files/Citrix/ICAService:/c/Program Files/Citrix/Virtual Desktop Agent:/c/Program Files/Java/jdk1.8.0_161/bin:/c/Program Files/Microsoft VS Code/bin:/usr/bin:/mingw64:/c/Program Files/nodejs:/c/Program Files/MySQL/MySQL Shell 8.0/bin:/c/Users/ibmfsd17/AppData/Roaming/npm:/c/Users/ibmfsd17/AppData/Local/atom/bin:/c/Users/user/eclipse/jee-2019-03/eclipse:/usr/bin/vendor_perl:/usr/bin/core_perl)
'
2019-06-26 21:52:47,054 [Worker-0: Loading available Gradle versions] INFO  o.e.b.c.i.u.g.PublishedGradleVersions - Gradle version information cache is up-to-date. Trying to read.
2019-06-26 21:53:07,538 [Worker-2: Decoration Calculation] WARN  org.eclipse.jgit.util.FS_Win32 - Exception caught during execution of command '[bash, --login, -c, which git]' in 'C:\Users\ibmfsd17', return code '1', error message '/c/Users/ibmfsd17/.bash_profile: line 1: lias: command not found
which: no git in (/c/Users/ibmfsd17/bin:/usr/local/bin:/usr/bin:/bin:/opt/bin:/c/Program Files/Java/jdk1.8.0_161/jre/bin/server:/c/Program Files/Java/jdk1.8.0_161/jre/bin:/c/Program Files/Java/jdk1.8.0_161/jre/lib/amd64:%CATALINA_HOME%:.:/c/Program Files/Java/jdk1.8.0_161/bin:.:/c/ProgramData/Oracle/Java/javapath:/c/Windows/system32:/c/Windows:/c/Windows/System32/Wbem:/c/Windows/System32/WindowsPowerShell/v1.0:/c/Program Files/Citrix/System32:/c/Program Files/Citrix/ICAService:/c/Program Files/Citrix/Virtual Desktop Agent:/c/Program Files/Java/jdk1.8.0_161/bin:/c/Program Files/Microsoft VS Code/bin:/usr/bin:/mingw64:/c/Program Files/nodejs:/c/Program Files/MySQL/MySQL Shell 8.0/bin:/c/Users/ibmfsd17/AppData/Roaming/npm:/c/Users/ibmfsd17/AppData/Local/atom/bin:/c/Users/user/eclipse/jee-2019-03/eclipse:/usr/bin/vendor_perl:/usr/bin/core_perl)
'
